<?xml version="1.0" encoding="UTF-8"?>
<testsuite name="com.stock.data.sample.mybatis.SampleMybatisServiceTest" tests="1" skipped="0" failures="0" errors="0" timestamp="2020-02-14T08:15:38" hostname="sgjung.local" time="0.137">
  <properties/>
  <testcase name="testGetAllUsers" classname="com.stock.data.sample.mybatis.SampleMybatisServiceTest" time="0.137"/>
  <system-out><![CDATA[17:15:16.814 [Test worker] DEBUG org.springframework.test.context.junit4.SpringJUnit4ClassRunner - SpringJUnit4ClassRunner constructor called with [class com.stock.data.sample.mybatis.SampleMybatisServiceTest]
17:15:16.820 [Test worker] DEBUG org.springframework.test.context.BootstrapUtils - Instantiating CacheAwareContextLoaderDelegate from class [org.springframework.test.context.cache.DefaultCacheAwareContextLoaderDelegate]
17:15:16.828 [Test worker] DEBUG org.springframework.test.context.BootstrapUtils - Instantiating BootstrapContext using constructor [public org.springframework.test.context.support.DefaultBootstrapContext(java.lang.Class,org.springframework.test.context.CacheAwareContextLoaderDelegate)]
17:15:16.845 [Test worker] DEBUG org.springframework.test.context.BootstrapUtils - Instantiating TestContextBootstrapper for test class [com.stock.data.sample.mybatis.SampleMybatisServiceTest] from class [org.springframework.boot.test.context.SpringBootTestContextBootstrapper]
17:15:16.857 [Test worker] INFO org.springframework.boot.test.context.SpringBootTestContextBootstrapper - Neither @ContextConfiguration nor @ContextHierarchy found for test class [com.stock.data.sample.mybatis.SampleMybatisServiceTest], using SpringBootContextLoader
17:15:16.860 [Test worker] DEBUG org.springframework.test.context.support.AbstractContextLoader - Did not detect default resource location for test class [com.stock.data.sample.mybatis.SampleMybatisServiceTest]: class path resource [com/stock/data/sample/mybatis/SampleMybatisServiceTest-context.xml] does not exist
17:15:16.860 [Test worker] DEBUG org.springframework.test.context.support.AbstractContextLoader - Did not detect default resource location for test class [com.stock.data.sample.mybatis.SampleMybatisServiceTest]: class path resource [com/stock/data/sample/mybatis/SampleMybatisServiceTestContext.groovy] does not exist
17:15:16.860 [Test worker] INFO org.springframework.test.context.support.AbstractContextLoader - Could not detect default resource locations for test class [com.stock.data.sample.mybatis.SampleMybatisServiceTest]: no resource found for suffixes {-context.xml, Context.groovy}.
17:15:16.861 [Test worker] INFO org.springframework.test.context.support.AnnotationConfigContextLoaderUtils - Could not detect default configuration classes for test class [com.stock.data.sample.mybatis.SampleMybatisServiceTest]: SampleMybatisServiceTest does not declare any static, non-private, non-final, nested classes annotated with @Configuration.
17:15:16.899 [Test worker] DEBUG org.springframework.test.context.support.ActiveProfilesUtils - Could not find an 'annotation declaring class' for annotation type [org.springframework.test.context.ActiveProfiles] and class [com.stock.data.sample.mybatis.SampleMybatisServiceTest]
17:15:16.964 [Test worker] DEBUG org.springframework.context.annotation.ClassPathScanningCandidateComponentProvider - Identified candidate component class: file [/Users/kyle.sgjung/workspace/sgjung/stock-data2/2020-02/stock-data/stock-api/build/classes/java/main/com/stock/data/StockApiApplication.class]
17:15:16.965 [Test worker] INFO org.springframework.boot.test.context.SpringBootTestContextBootstrapper - Found @SpringBootConfiguration com.stock.data.StockApiApplication for test class com.stock.data.sample.mybatis.SampleMybatisServiceTest
17:15:17.043 [Test worker] DEBUG org.springframework.boot.test.context.SpringBootTestContextBootstrapper - @TestExecutionListeners is not present for class [com.stock.data.sample.mybatis.SampleMybatisServiceTest]: using defaults.
17:15:17.044 [Test worker] INFO org.springframework.boot.test.context.SpringBootTestContextBootstrapper - Loaded default TestExecutionListener class names from location [META-INF/spring.factories]: [org.springframework.security.test.context.support.WithSecurityContextTestExecutionListener, org.springframework.security.test.context.support.ReactorContextTestExecutionListener, org.springframework.boot.test.autoconfigure.restdocs.RestDocsTestExecutionListener, org.springframework.boot.test.autoconfigure.web.client.MockRestServiceServerResetTestExecutionListener, org.springframework.boot.test.autoconfigure.web.servlet.MockMvcPrintOnlyOnFailureTestExecutionListener, org.springframework.boot.test.autoconfigure.web.servlet.WebDriverTestExecutionListener, org.springframework.boot.test.mock.mockito.MockitoTestExecutionListener, org.springframework.boot.test.mock.mockito.ResetMocksTestExecutionListener, org.springframework.test.context.web.ServletTestExecutionListener, org.springframework.test.context.support.DirtiesContextBeforeModesTestExecutionListener, org.springframework.test.context.support.DependencyInjectionTestExecutionListener, org.springframework.test.context.support.DirtiesContextTestExecutionListener, org.springframework.test.context.transaction.TransactionalTestExecutionListener, org.springframework.test.context.jdbc.SqlScriptsTestExecutionListener]
17:15:17.063 [Test worker] INFO org.springframework.boot.test.context.SpringBootTestContextBootstrapper - Using TestExecutionListeners: [org.springframework.test.context.web.ServletTestExecutionListener@577363c6, org.springframework.test.context.support.DirtiesContextBeforeModesTestExecutionListener@2a288bfd, org.springframework.boot.test.mock.mockito.MockitoTestExecutionListener@26c151c3, org.springframework.boot.test.autoconfigure.SpringBootDependencyInjectionTestExecutionListener@61a621d, org.springframework.test.context.support.DirtiesContextTestExecutionListener@4abb5c4b, org.springframework.test.context.transaction.TransactionalTestExecutionListener@24a25182, org.springframework.test.context.jdbc.SqlScriptsTestExecutionListener@841439c, org.springframework.security.test.context.support.WithSecurityContextTestExecutionListener@5d9ec203, org.springframework.security.test.context.support.ReactorContextTestExecutionListener@4dd784ff, org.springframework.boot.test.autoconfigure.restdocs.RestDocsTestExecutionListener@7b4ff286, org.springframework.boot.test.autoconfigure.web.client.MockRestServiceServerResetTestExecutionListener@791003d0, org.springframework.boot.test.autoconfigure.web.servlet.MockMvcPrintOnlyOnFailureTestExecutionListener@52b5582b, org.springframework.boot.test.autoconfigure.web.servlet.WebDriverTestExecutionListener@2334defe, org.springframework.boot.test.mock.mockito.ResetMocksTestExecutionListener@27ebc3dc]
17:15:17.066 [Test worker] DEBUG org.springframework.test.annotation.ProfileValueUtils - Retrieved @ProfileValueSourceConfiguration [null] for test class [com.stock.data.sample.mybatis.SampleMybatisServiceTest]
17:15:17.067 [Test worker] DEBUG org.springframework.test.annotation.ProfileValueUtils - Retrieved ProfileValueSource type [class org.springframework.test.annotation.SystemProfileValueSource] for class [com.stock.data.sample.mybatis.SampleMybatisServiceTest]
17:15:17.071 [Test worker] DEBUG org.springframework.test.annotation.ProfileValueUtils - Retrieved @ProfileValueSourceConfiguration [null] for test class [com.stock.data.sample.mybatis.SampleMybatisServiceTest]
17:15:17.071 [Test worker] DEBUG org.springframework.test.annotation.ProfileValueUtils - Retrieved ProfileValueSource type [class org.springframework.test.annotation.SystemProfileValueSource] for class [com.stock.data.sample.mybatis.SampleMybatisServiceTest]
17:15:17.071 [Test worker] DEBUG org.springframework.test.annotation.ProfileValueUtils - Retrieved @ProfileValueSourceConfiguration [null] for test class [com.stock.data.sample.mybatis.SampleMybatisServiceTest]
17:15:17.071 [Test worker] DEBUG org.springframework.test.annotation.ProfileValueUtils - Retrieved ProfileValueSource type [class org.springframework.test.annotation.SystemProfileValueSource] for class [com.stock.data.sample.mybatis.SampleMybatisServiceTest]
17:15:17.075 [Test worker] DEBUG org.springframework.test.context.support.AbstractDirtiesContextTestExecutionListener - Before test class: context [DefaultTestContext@27cc0a7c testClass = SampleMybatisServiceTest, testInstance = [null], testMethod = [null], testException = [null], mergedContextConfiguration = [WebMergedContextConfiguration@733362bb testClass = SampleMybatisServiceTest, locations = '{}', classes = '{class com.stock.data.StockApiApplication}', contextInitializerClasses = '[]', activeProfiles = '{}', propertySourceLocations = '{}', propertySourceProperties = '{org.springframework.boot.test.context.SpringBootTestContextBootstrapper=true}', contextCustomizers = set[org.springframework.boot.test.autoconfigure.properties.PropertyMappingContextCustomizer@0, org.springframework.boot.test.autoconfigure.web.servlet.WebDriverContextCustomizerFactory$Customizer@6bdd045e, org.springframework.boot.test.context.filter.ExcludeFilterContextCustomizer@39b69092, org.springframework.boot.test.json.DuplicateJsonObjectContextCustomizerFactory$DuplicateJsonObjectContextCustomizer@20c31f7c, org.springframework.boot.test.mock.mockito.MockitoContextCustomizer@0, org.springframework.boot.test.web.client.TestRestTemplateContextCustomizer@a34e59f], resourceBasePath = 'src/main/webapp', contextLoader = 'org.springframework.boot.test.context.SpringBootContextLoader', parent = [null]], attributes = map['org.springframework.test.context.web.ServletTestExecutionListener.activateListener' -> true]], class annotated with @DirtiesContext [false] with mode [null].
17:15:17.076 [Test worker] DEBUG org.springframework.test.annotation.ProfileValueUtils - Retrieved @ProfileValueSourceConfiguration [null] for test class [com.stock.data.sample.mybatis.SampleMybatisServiceTest]
17:15:17.076 [Test worker] DEBUG org.springframework.test.annotation.ProfileValueUtils - Retrieved ProfileValueSource type [class org.springframework.test.annotation.SystemProfileValueSource] for class [com.stock.data.sample.mybatis.SampleMybatisServiceTest]
17:15:17.095 [Test worker] DEBUG org.springframework.test.context.support.TestPropertySourceUtils - Adding inlined properties to environment: {spring.jmx.enabled=false, org.springframework.boot.test.context.SpringBootTestContextBootstrapper=true, server.port=-1}

  .   ____          _            __ _ _
 /\\ / ___'_ __ _ _(_)_ __  __ _ \ \ \ \
( ( )\___ | '_ | '_| | '_ \/ _` | \ \ \ \
 \\/  ___)| |_)| | | | | || (_| |  ) ) ) )
  '  |____| .__|_| |_|_| |_\__, | / / / /
 =========|_|==============|___/=/_/_/_/
 :: Spring Boot ::        (v2.1.7.RELEASE)

2020-02-14 17:15:32.304  INFO 65348 --- [    Test worker] c.s.d.s.m.SampleMybatisServiceTest       : Starting SampleMybatisServiceTest on sgjung.local with PID 65348 (started by kyle.sgjung in /Users/kyle.sgjung/workspace/sgjung/stock-data2/2020-02/stock-data/stock-api)
2020-02-14 17:15:32.305  INFO 65348 --- [    Test worker] c.s.d.s.m.SampleMybatisServiceTest       : No active profile set, falling back to default profiles: default
2020-02-14 17:15:32.925  WARN 65348 --- [    Test worker] o.m.s.mapper.ClassPathMapperScanner      : No MyBatis mapper was found in '[com.stock.data]' package. Please check your configuration.
2020-02-14 17:15:32.957  INFO 65348 --- [    Test worker] .s.d.r.c.RepositoryConfigurationDelegate : Bootstrapping Spring Data repositories in DEFAULT mode.
2020-02-14 17:15:33.028  INFO 65348 --- [    Test worker] .s.d.r.c.RepositoryConfigurationDelegate : Finished Spring Data repository scanning in 62ms. Found 2 repository interfaces.
2020-02-14 17:15:33.433  INFO 65348 --- [    Test worker] trationDelegate$BeanPostProcessorChecker : Bean 'org.springframework.transaction.annotation.ProxyTransactionManagementConfiguration' of type [org.springframework.transaction.annotation.ProxyTransactionManagementConfiguration$$EnhancerBySpringCGLIB$$d2147bf8] is not eligible for getting processed by all BeanPostProcessors (for example: not eligible for auto-proxying)
2020-02-14 17:15:33.645  WARN 65348 --- [    Test worker] com.zaxxer.hikari.HikariConfig           : stockdata_hikari_cp__api - idleTimeout is close to or more than maxLifetime, disabling it.
2020-02-14 17:15:33.645  INFO 65348 --- [    Test worker] com.zaxxer.hikari.HikariDataSource       : stockdata_hikari_cp__api - Starting...
2020-02-14 17:15:34.779  INFO 65348 --- [    Test worker] log4jdbc.log4j2                          : 1. Connection opened. {executed in 1123ms} 
2020-02-14 17:15:34.780  INFO 65348 --- [    Test worker] log4jdbc.log4j2                          : 1. Connection.new Connection returned 
2020-02-14 17:15:34.780  INFO 65348 --- [    Test worker] log4jdbc.log4j2                          : 1. Connection.getNetworkTimeout() returned 0
2020-02-14 17:15:34.780  INFO 65348 --- [    Test worker] log4jdbc.log4j2                          : 1. Connection.isReadOnly() returned false
2020-02-14 17:15:34.780  INFO 65348 --- [    Test worker] log4jdbc.log4j2                          : 1. Connection.getAutoCommit() returned true
2020-02-14 17:15:34.784  INFO 65348 --- [    Test worker] log4jdbc.log4j2                          : 1. Statement.new Statement returned 
2020-02-14 17:15:34.784  INFO 65348 --- [    Test worker] log4jdbc.log4j2                          : 1. Connection.createStatement() returned net.sf.log4jdbc.sql.jdbcapi.StatementSpy@571cc18e
2020-02-14 17:15:34.790  INFO 65348 --- [    Test worker] log4jdbc.log4j2                          : 1. SELECT * FROM user  {executed in 5 ms}
2020-02-14 17:15:34.790  INFO 65348 --- [    Test worker] log4jdbc.log4j2                          : 1. Statement.execute(SELECT * FROM user) returned true
2020-02-14 17:15:34.790  INFO 65348 --- [    Test worker] log4jdbc.log4j2                          : 1. Statement.close() returned 
2020-02-14 17:15:34.795  INFO 65348 --- [    Test worker] log4jdbc.log4j2                          : 1. Connection.getTransactionIsolation() returned 4
2020-02-14 17:15:34.798  INFO 65348 --- [    Test worker] com.zaxxer.hikari.HikariDataSource       : stockdata_hikari_cp__api - Start completed.
2020-02-14 17:15:34.803  INFO 65348 --- [    Test worker] log4jdbc.log4j2                          : 1. Connection.getMetaData() returned org.mariadb.jdbc.MariaDbDatabaseMetaData@4eb4162f
2020-02-14 17:15:34.806  INFO 65348 --- [    Test worker] log4jdbc.log4j2                          : 1. Connection.clearWarnings() returned 
2020-02-14 17:15:34.861  INFO 65348 --- [    Test worker] o.hibernate.jpa.internal.util.LogHelper  : HHH000204: Processing PersistenceUnitInfo [
	name: default
	...]
2020-02-14 17:15:34.926  INFO 65348 --- [onnection adder] log4jdbc.log4j2                          : 2. Connection opened. {executed in 25ms} 
2020-02-14 17:15:34.926  INFO 65348 --- [onnection adder] log4jdbc.log4j2                          : 2. Connection.new Connection returned 
2020-02-14 17:15:34.926  INFO 65348 --- [onnection adder] log4jdbc.log4j2                          : 2. Connection.isReadOnly() returned false
2020-02-14 17:15:34.927  INFO 65348 --- [onnection adder] log4jdbc.log4j2                          : 2. Connection.getAutoCommit() returned true
2020-02-14 17:15:34.946  INFO 65348 --- [    Test worker] org.hibernate.Version                    : HHH000412: Hibernate Core {5.3.10.Final}
2020-02-14 17:15:34.948  INFO 65348 --- [    Test worker] org.hibernate.cfg.Environment            : HHH000206: hibernate.properties not found
2020-02-14 17:15:34.952  INFO 65348 --- [onnection adder] log4jdbc.log4j2                          : 3. Connection opened. {executed in 25ms} 
2020-02-14 17:15:34.952  INFO 65348 --- [onnection adder] log4jdbc.log4j2                          : 3. Connection.new Connection returned 
2020-02-14 17:15:34.952  INFO 65348 --- [onnection adder] log4jdbc.log4j2                          : 3. Connection.isReadOnly() returned false
2020-02-14 17:15:34.953  INFO 65348 --- [onnection adder] log4jdbc.log4j2                          : 3. Connection.getAutoCommit() returned true
2020-02-14 17:15:34.979  INFO 65348 --- [onnection adder] log4jdbc.log4j2                          : 4. Connection opened. {executed in 26ms} 
2020-02-14 17:15:34.979  INFO 65348 --- [onnection adder] log4jdbc.log4j2                          : 4. Connection.new Connection returned 
2020-02-14 17:15:34.979  INFO 65348 --- [onnection adder] log4jdbc.log4j2                          : 4. Connection.isReadOnly() returned false
2020-02-14 17:15:34.979  INFO 65348 --- [onnection adder] log4jdbc.log4j2                          : 4. Connection.getAutoCommit() returned true
2020-02-14 17:15:35.012  INFO 65348 --- [onnection adder] log4jdbc.log4j2                          : 5. Connection opened. {executed in 32ms} 
2020-02-14 17:15:35.012  INFO 65348 --- [onnection adder] log4jdbc.log4j2                          : 5. Connection.new Connection returned 
2020-02-14 17:15:35.012  INFO 65348 --- [onnection adder] log4jdbc.log4j2                          : 5. Connection.isReadOnly() returned false
2020-02-14 17:15:35.012  INFO 65348 --- [onnection adder] log4jdbc.log4j2                          : 5. Connection.getAutoCommit() returned true
2020-02-14 17:15:35.045  INFO 65348 --- [onnection adder] log4jdbc.log4j2                          : 6. Connection opened. {executed in 33ms} 
2020-02-14 17:15:35.045  INFO 65348 --- [onnection adder] log4jdbc.log4j2                          : 6. Connection.new Connection returned 
2020-02-14 17:15:35.045  INFO 65348 --- [onnection adder] log4jdbc.log4j2                          : 6. Connection.isReadOnly() returned false
2020-02-14 17:15:35.045  INFO 65348 --- [onnection adder] log4jdbc.log4j2                          : 6. Connection.getAutoCommit() returned true
2020-02-14 17:15:35.074  INFO 65348 --- [onnection adder] log4jdbc.log4j2                          : 7. Connection opened. {executed in 29ms} 
2020-02-14 17:15:35.074  INFO 65348 --- [onnection adder] log4jdbc.log4j2                          : 7. Connection.new Connection returned 
2020-02-14 17:15:35.074  INFO 65348 --- [onnection adder] log4jdbc.log4j2                          : 7. Connection.isReadOnly() returned false
2020-02-14 17:15:35.074  INFO 65348 --- [onnection adder] log4jdbc.log4j2                          : 7. Connection.getAutoCommit() returned true
2020-02-14 17:15:35.116  INFO 65348 --- [    Test worker] o.hibernate.annotations.common.Version   : HCANN000001: Hibernate Commons Annotations {5.0.4.Final}
2020-02-14 17:15:35.122  INFO 65348 --- [onnection adder] log4jdbc.log4j2                          : 8. Connection opened. {executed in 47ms} 
2020-02-14 17:15:35.122  INFO 65348 --- [onnection adder] log4jdbc.log4j2                          : 8. Connection.new Connection returned 
2020-02-14 17:15:35.122  INFO 65348 --- [onnection adder] log4jdbc.log4j2                          : 8. Connection.isReadOnly() returned false
2020-02-14 17:15:35.122  INFO 65348 --- [onnection adder] log4jdbc.log4j2                          : 8. Connection.getAutoCommit() returned true
2020-02-14 17:15:35.148  INFO 65348 --- [onnection adder] log4jdbc.log4j2                          : 9. Connection opened. {executed in 25ms} 
2020-02-14 17:15:35.148  INFO 65348 --- [onnection adder] log4jdbc.log4j2                          : 9. Connection.new Connection returned 
2020-02-14 17:15:35.148  INFO 65348 --- [onnection adder] log4jdbc.log4j2                          : 9. Connection.isReadOnly() returned false
2020-02-14 17:15:35.148  INFO 65348 --- [onnection adder] log4jdbc.log4j2                          : 9. Connection.getAutoCommit() returned true
2020-02-14 17:15:35.173  INFO 65348 --- [onnection adder] log4jdbc.log4j2                          : 10. Connection opened. {executed in 24ms} 
2020-02-14 17:15:35.173  INFO 65348 --- [onnection adder] log4jdbc.log4j2                          : 10. Connection.new Connection returned 
2020-02-14 17:15:35.173  INFO 65348 --- [onnection adder] log4jdbc.log4j2                          : 10. Connection.isReadOnly() returned false
2020-02-14 17:15:35.173  INFO 65348 --- [onnection adder] log4jdbc.log4j2                          : 10. Connection.getAutoCommit() returned true
2020-02-14 17:15:35.256  INFO 65348 --- [    Test worker] log4jdbc.log4j2                          : 1. Connection.getMetaData() returned org.mariadb.jdbc.MariaDbDatabaseMetaData@644c4d82
2020-02-14 17:15:35.269  INFO 65348 --- [    Test worker] org.hibernate.dialect.Dialect            : HHH000400: Using dialect: org.hibernate.dialect.MySQL5InnoDBDialect
2020-02-14 17:15:35.300  INFO 65348 --- [    Test worker] log4jdbc.log4j2                          : 1. Connection.clearWarnings() returned 
2020-02-14 17:15:35.899  INFO 65348 --- [    Test worker] j.LocalContainerEntityManagerFactoryBean : Initialized JPA EntityManagerFactory for persistence unit 'default'
2020-02-14 17:15:36.876  INFO 65348 --- [    Test worker] o.s.s.web.DefaultSecurityFilterChain     : Creating filter chain: any request, [org.springframework.security.web.context.request.async.WebAsyncManagerIntegrationFilter@785998, org.springframework.security.web.context.SecurityContextPersistenceFilter@a948bbc, org.springframework.security.web.header.HeaderWriterFilter@77f2c152, org.springframework.security.web.authentication.logout.LogoutFilter@298c6602, org.springframework.security.oauth2.client.web.OAuth2AuthorizationRequestRedirectFilter@239006d6, org.springframework.security.oauth2.client.web.OAuth2LoginAuthenticationFilter@59acb08e, org.springframework.security.web.authentication.ui.DefaultLoginPageGeneratingFilter@737c4bbf, org.springframework.security.web.authentication.ui.DefaultLogoutPageGeneratingFilter@4b8fa4f3, org.springframework.security.web.savedrequest.RequestCacheAwareFilter@27898be4, org.springframework.security.web.servletapi.SecurityContextHolderAwareRequestFilter@7e5ad7c, org.springframework.security.web.authentication.AnonymousAuthenticationFilter@9f4bd59, org.springframework.security.web.session.SessionManagementFilter@698b22fc, org.springframework.security.web.access.ExceptionTranslationFilter@7d51fbe5, org.springframework.security.web.access.intercept.FilterSecurityInterceptor@1716c20]
2020-02-14 17:15:37.470  INFO 65348 --- [    Test worker] o.s.s.concurrent.ThreadPoolTaskExecutor  : Initializing ExecutorService 'applicationTaskExecutor'
2020-02-14 17:15:37.522  WARN 65348 --- [    Test worker] aWebConfiguration$JpaWebMvcConfiguration : spring.jpa.open-in-view is enabled by default. Therefore, database queries may be performed during view rendering. Explicitly configure spring.jpa.open-in-view to disable this warning
2020-02-14 17:15:37.570  INFO 65348 --- [    Test worker] o.s.b.a.w.s.WelcomePageHandlerMapping    : Adding welcome page template: index
2020-02-14 17:15:37.939  INFO 65348 --- [    Test worker] log4jdbc.log4j2                          : 1. Statement.new Statement returned 
2020-02-14 17:15:37.940  INFO 65348 --- [    Test worker] log4jdbc.log4j2                          : 1. Connection.createStatement() returned net.sf.log4jdbc.sql.jdbcapi.StatementSpy@16349778
2020-02-14 17:15:37.953  INFO 65348 --- [    Test worker] log4jdbc.log4j2                          : 1. SELECT * FROM user  {executed in 13 ms}
2020-02-14 17:15:37.953  INFO 65348 --- [    Test worker] log4jdbc.log4j2                          : 1. Statement.execute(SELECT * FROM user) returned true
2020-02-14 17:15:37.953  INFO 65348 --- [    Test worker] log4jdbc.log4j2                          : 1. Statement.close() returned 
2020-02-14 17:15:37.953  INFO 65348 --- [    Test worker] log4jdbc.log4j2                          : 1. Connection.getMetaData() returned org.mariadb.jdbc.MariaDbDatabaseMetaData@188f83cc
2020-02-14 17:15:37.953  INFO 65348 --- [    Test worker] log4jdbc.log4j2                          : 1. Connection.clearWarnings() returned 
2020-02-14 17:15:37.972  INFO 65348 --- [    Test worker] log4jdbc.log4j2                          : 1. Connection.getMetaData() returned org.mariadb.jdbc.MariaDbDatabaseMetaData@7fc45c75
2020-02-14 17:15:37.972  INFO 65348 --- [    Test worker] log4jdbc.log4j2                          : 1. Connection.clearWarnings() returned 
2020-02-14 17:15:38.063  INFO 65348 --- [    Test worker] s.a.ScheduledAnnotationBeanPostProcessor : No TaskScheduler/ScheduledExecutorService bean found for scheduled processing
2020-02-14 17:15:38.070  INFO 65348 --- [    Test worker] c.s.d.s.m.SampleMybatisServiceTest       : Started SampleMybatisServiceTest in 20.965 seconds (JVM running for 21.756)
2020-02-14 17:15:38.161  INFO 65348 --- [    Test worker] log4jdbc.log4j2                          : 1. Connection.getAutoCommit() returned true
2020-02-14 17:15:38.169  INFO 65348 --- [    Test worker] log4jdbc.log4j2                          : 1. PreparedStatement.new PreparedStatement returned 
2020-02-14 17:15:38.170  INFO 65348 --- [    Test worker] log4jdbc.log4j2                          : 1. Connection.prepareStatement(SELECT * FROM user) returned net.sf.log4jdbc.sql.jdbcapi.PreparedStatementSpy@324c9cda
2020-02-14 17:15:38.175  INFO 65348 --- [    Test worker] log4jdbc.log4j2                          : 1. PreparedStatement.setFetchSize(200) returned 
2020-02-14 17:15:38.190  INFO 65348 --- [    Test worker] log4jdbc.log4j2                          : 1. SELECT * FROM user  {executed in 13 ms}
2020-02-14 17:15:38.190  INFO 65348 --- [    Test worker] log4jdbc.log4j2                          : 1. PreparedStatement.execute() returned true
2020-02-14 17:15:38.196  INFO 65348 --- [    Test worker] log4jdbc.log4j2                          : 1. ResultSet.new ResultSet returned 
2020-02-14 17:15:38.196  INFO 65348 --- [    Test worker] log4jdbc.log4j2                          : 1. PreparedStatement.getResultSet() returned net.sf.log4jdbc.sql.jdbcapi.ResultSetSpy@65c391a0
2020-02-14 17:15:38.201  INFO 65348 --- [    Test worker] log4jdbc.log4j2                          : 1. ResultSet.getMetaData() returned org.mariadb.jdbc.MariaDbResultSetMetaData@578789ba
2020-02-14 17:15:38.202  INFO 65348 --- [    Test worker] log4jdbc.log4j2                          : 1. ResultSet.getType() returned 1003
2020-02-14 17:15:38.202  INFO 65348 --- [    Test worker] log4jdbc.log4j2                          : 1. ResultSet.isClosed() returned false
2020-02-14 17:15:38.202  INFO 65348 --- [    Test worker] log4jdbc.log4j2                          : 1. ResultSet.next() returned true
2020-02-14 17:15:38.205  INFO 65348 --- [    Test worker] log4jdbc.log4j2                          : 1. ResultSet.getLong(id) returned 1
2020-02-14 17:15:38.212  INFO 65348 --- [    Test worker] log4jdbc.log4j2                          : 1. ResultSet.getObject(created_date,class java.time.LocalDateTime) returned 2020-02-09T22:03:45
2020-02-14 17:15:38.213  INFO 65348 --- [    Test worker] log4jdbc.log4j2                          : 1. ResultSet.getObject(modified_date,class java.time.LocalDateTime) returned 2020-02-09T22:03:45
2020-02-14 17:15:38.213  INFO 65348 --- [    Test worker] log4jdbc.log4j2                          : 1. ResultSet.getString(email) returned showmethecode@naver.com
2020-02-14 17:15:38.213  INFO 65348 --- [    Test worker] log4jdbc.log4j2                          : 1. ResultSet.getString(name) returned 정순구
2020-02-14 17:15:38.213  INFO 65348 --- [    Test worker] log4jdbc.log4j2                          : 1. ResultSet.getString(picture) returned void
2020-02-14 17:15:38.213  INFO 65348 --- [    Test worker] log4jdbc.log4j2                          : 1. ResultSet.getString(role) returned GUEST
2020-02-14 17:15:38.214  INFO 65348 --- [    Test worker] log4jdbc.log4j2                          : 1. ResultSet.isClosed() returned false
2020-02-14 17:15:38.216  INFO 65348 --- [    Test worker] log4jdbc.log4j2                          : 
|---|-------------|--------------|------------------------|-----|--------|------|
|id |created_date |modified_date |email                   |name |picture |role  |
|---|-------------|--------------|------------------------|-----|--------|------|
|1  |[unread]     |[unread]      |showmethecode@naver.com |정순구  |null    |GUEST |
|---|-------------|--------------|------------------------|-----|--------|------|

2020-02-14 17:15:38.216  INFO 65348 --- [    Test worker] log4jdbc.log4j2                          : 1. ResultSet.next() returned false
2020-02-14 17:15:38.216  INFO 65348 --- [    Test worker] log4jdbc.log4j2                          : 1. ResultSet.close() returned void
2020-02-14 17:15:38.217  INFO 65348 --- [    Test worker] log4jdbc.log4j2                          : 1. Connection.getMetaData() returned org.mariadb.jdbc.MariaDbDatabaseMetaData@5c755a5c
2020-02-14 17:15:38.217  INFO 65348 --- [    Test worker] log4jdbc.log4j2                          : 1. PreparedStatement.close() returned 
2020-02-14 17:15:38.217  INFO 65348 --- [    Test worker] log4jdbc.log4j2                          : 1. Connection.clearWarnings() returned 
[com.stock.data.domain.user.User@45383dd5]
]]></system-out>
  <system-err><![CDATA[]]></system-err>
</testsuite>
